eeschema (22-Jun-2014 BZR 4027)-stable  >> Creation date: Tue 27 Dec 2016 13:46:04 CET
#Cmp ( order = Reference )
| C1         100n        
| LL4148     DIODE       
| P1         CONN_1      
| P2         CONN_1      
| P3         chrgr       
| P4         CONN_1      
| P5         CONN_1      
| P6         CONN_1      
| P7         CONN_1      
| P8         CONN_1      
| P9         CONN_1      
| Q1         MMBT3904    
| R1         1K          
| SW1        SWITCH_INV  
#End Cmp

#Cmp ( order = Value )
| 100n         C1        
| DIODE        LL4148    
| CONN_1       P1        
| CONN_1       P2        
| chrgr        P3        
| CONN_1       P4        
| CONN_1       P5        
| CONN_1       P6        
| CONN_1       P7        
| CONN_1       P8        
| CONN_1       P9        
| MMBT3904     Q1        
| 1K           R1        
| SWITCH_INV   SW1       
#End Cmp

#End List
